# JRE version: OpenJDK Runtime Environment (17.0.7) (build 17.0.7+0-b2043.56-10550314)
# Java VM: OpenJDK 64-Bit Server VM (17.0.7+0-b2043.56-10550314, mixed mode, tiered, compressed oops, compressed class ptrs, g1 gc, windows-amd64)
GC Precious Log:
 CPUs: 16 total, 16 available
 Memory: 7971M
 Large Page Support: Disabled
 NUMA Support: Disabled
 Compressed Oops: Enabled (32-bit)
 Heap Region Size: 1M
 Heap Min Capacity: 8M
 Heap Initial Capacity: 126M
 Heap Max Capacity: 2G
 Pre-touch: Disabled
 Parallel Workers: 13
 Concurrent Workers: 3
 Concurrent Refinement Workers: 13
 Periodic GC: Disabled
Heap:
 garbage-first heap   total 419840K, used 132096K [0x0000000080000000, 0x0000000100000000)
  region size 1024K, 9 young (9216K), 9 survivors (9216K)
 Metaspace       used 136966K, committed 138048K, reserved 1179648K
  class space    used 18302K, committed 18816K, reserved 1048576K
GC Heap History (20 events):
Event: 2401.839 GC heap after
{Heap after GC invocations=65 (full 0):
 garbage-first heap   total 949248K, used 132626K [0x0000000080000000, 0x0000000100000000)
  region size 1024K, 3 young (3072K), 3 survivors (3072K)
 Metaspace       used 131207K, committed 132096K, reserved 1179648K
  class space    used 17861K, committed 18304K, reserved 1048576K
}
Event: 2402.719 GC heap before
{Heap before GC invocations=65 (full 0):
 garbage-first heap   total 949248K, used 198162K [0x0000000080000000, 0x0000000100000000)
  region size 1024K, 69 young (70656K), 3 survivors (3072K)
 Metaspace       used 132168K, committed 133120K, reserved 1179648K
  class space    used 17952K, committed 18368K, reserved 1048576K
}
Event: 2402.728 GC heap after
{Heap after GC invocations=66 (full 0):
 garbage-first heap   total 949248K, used 136714K [0x0000000080000000, 0x0000000100000000)
  region size 1024K, 7 young (7168K), 7 survivors (7168K)
 Metaspace       used 132168K, committed 133120K, reserved 1179648K
  class space    used 17952K, committed 18368K, reserved 1048576K
}
Event: 2404.479 GC heap before
{Heap before GC invocations=67 (full 0):
 garbage-first heap   total 464896K, used 335370K [0x0000000080000000, 0x0000000100000000)
  region size 1024K, 210 young (215040K), 7 survivors (7168K)
 Metaspace       used 135430K, committed 136320K, reserved 1179648K
  class space    used 18142K, committed 18560K, reserved 1048576K
}
Event: 2404.503 GC heap after
{Heap after GC invocations=68 (full 0):
 garbage-first heap   total 464896K, used 132965K [0x0000000080000000, 0x0000000100000000)
  region size 1024K, 13 young (13312K), 13 survivors (13312K)
 Metaspace       used 135430K, committed 136320K, reserved 1179648K
  class space    used 18142K, committed 18560K, reserved 1048576K
}
Event: 2404.586 GC heap before
{Heap before GC invocations=68 (full 0):
 garbage-first heap   total 464896K, used 141157K [0x0000000080000000, 0x0000000100000000)
  region size 1024K, 22 young (22528K), 13 survivors (13312K)
 Metaspace       used 135470K, committed 136320K, reserved 1179648K
  class space    used 18143K, committed 18560K, reserved 1048576K
}
Event: 2404.604 GC heap after
{Heap after GC invocations=69 (full 0):
 garbage-first heap   total 464896K, used 120605K [0x0000000080000000, 0x0000000100000000)
  region size 1024K, 2 young (2048K), 2 survivors (2048K)
 Metaspace       used 135470K, committed 136320K, reserved 1179648K
  class space    used 18143K, committed 18560K, reserved 1048576K
}
Event: 2404.628 GC heap before
{Heap before GC invocations=69 (full 0):
 garbage-first heap   total 464896K, used 122653K [0x0000000080000000, 0x0000000100000000)
  region size 1024K, 5 young (5120K), 2 survivors (2048K)
 Metaspace       used 135471K, committed 136320K, reserved 1179648K
  class space    used 18143K, committed 18560K, reserved 1048576K
}
Event: 2404.631 GC heap after
{Heap after GC invocations=70 (full 0):
 garbage-first heap   total 464896K, used 120709K [0x0000000080000000, 0x0000000100000000)
  region size 1024K, 2 young (2048K), 2 survivors (2048K)
 Metaspace       used 135471K, committed 136320K, reserved 1179648K
  class space    used 18143K, committed 18560K, reserved 1048576K
}
Event: 2907.406 GC heap before
{Heap before GC invocations=71 (full 0):
 garbage-first heap   total 419840K, used 322437K [0x0000000080000000, 0x0000000100000000)
  region size 1024K, 163 young (166912K), 2 survivors (2048K)
 Metaspace       used 136156K, committed 137088K, reserved 1179648K
  class space    used 18189K, committed 18624K, reserved 1048576K
}
Event: 2907.555 GC heap after
{Heap after GC invocations=72 (full 0):
 garbage-first heap   total 419840K, used 136490K [0x0000000080000000, 0x0000000100000000)
  region size 1024K, 16 young (16384K), 16 survivors (16384K)
 Metaspace       used 136156K, committed 137088K, reserved 1179648K
  class space    used 18189K, committed 18624K, reserved 1048576K
}
Event: 2907.664 GC heap before
{Heap before GC invocations=72 (full 0):
 garbage-first heap   total 419840K, used 140586K [0x0000000080000000, 0x0000000100000000)
  region size 1024K, 20 young (20480K), 16 survivors (16384K)
 Metaspace       used 136156K, committed 137088K, reserved 1179648K
  class space    used 18189K, committed 18624K, reserved 1048576K
}
Event: 2907.843 GC heap after
{Heap after GC invocations=73 (full 0):
 garbage-first heap   total 419840K, used 135367K [0x0000000080000000, 0x0000000100000000)
  region size 1024K, 3 young (3072K), 3 survivors (3072K)
 Metaspace       used 136156K, committed 137088K, reserved 1179648K
  class space    used 18189K, committed 18624K, reserved 1048576K
}
Event: 2909.016 GC heap before
{Heap before GC invocations=73 (full 0):
 garbage-first heap   total 419840K, used 182471K [0x0000000080000000, 0x0000000100000000)
  region size 1024K, 51 young (52224K), 3 survivors (3072K)
 Metaspace       used 136251K, committed 137152K, reserved 1179648K
  class space    used 18192K, committed 18624K, reserved 1048576K
}
Event: 2909.044 GC heap after
{Heap after GC invocations=74 (full 0):
 garbage-first heap   total 419840K, used 139625K [0x0000000080000000, 0x0000000100000000)
  region size 1024K, 7 young (7168K), 7 survivors (7168K)
 Metaspace       used 136251K, committed 137152K, reserved 1179648K
  class space    used 18192K, committed 18624K, reserved 1048576K
}
Event: 3245.346 GC heap before
{Heap before GC invocations=75 (full 0):
 garbage-first heap   total 419840K, used 276847K [0x0000000080000000, 0x0000000100000000)
  region size 1024K, 116 young (118784K), 7 survivors (7168K)
 Metaspace       used 136434K, committed 137344K, reserved 1179648K
  class space    used 18190K, committed 18624K, reserved 1048576K
}
Event: 3245.524 GC heap after
{Heap after GC invocations=76 (full 0):
 garbage-first heap   total 419840K, used 136819K [0x0000000080000000, 0x0000000100000000)
  region size 1024K, 8 young (8192K), 8 survivors (8192K)
 Metaspace       used 136434K, committed 137344K, reserved 1179648K
  class space    used 18190K, committed 18624K, reserved 1048576K
}
Event: 3246.846 GC heap before
{Heap before GC invocations=76 (full 0):
 garbage-first heap   total 419840K, used 148083K [0x0000000080000000, 0x0000000100000000)
  region size 1024K, 20 young (20480K), 8 survivors (8192K)
 Metaspace       used 136549K, committed 137536K, reserved 1179648K
  class space    used 18213K, committed 18688K, reserved 1048576K
}
Event: 3246.923 GC heap after
{Heap after GC invocations=77 (full 0):
 garbage-first heap   total 419840K, used 126194K [0x0000000080000000, 0x0000000100000000)
  region size 1024K, 3 young (3072K), 3 survivors (3072K)
 Metaspace       used 136549K, committed 137536K, reserved 1179648K
  class space    used 18213K, committed 18688K, reserved 1048576K
}
Event: 3248.404 GC heap before
{Heap before GC invocations=77 (full 0):
 garbage-first heap   total 419840K, used 164082K [0x0000000080000000, 0x0000000100000000)
  region size 1024K, 42 young (43008K), 3 survivors (3072K)
 Metaspace       used 136966K, committed 138048K, reserved 1179648K
  class space    used 18302K, committed 18816K, reserved 1048576K
}

