# JRE version: OpenJDK Runtime Environment (17.0.7) (build 17.0.7+0-b2043.56-10550314)
# Java VM: OpenJDK 64-Bit Server VM (17.0.7+0-b2043.56-10550314, mixed mode, tiered, compressed oops, compressed class ptrs, g1 gc, windows-amd64)
GC Precious Log:
 CPUs: 16 total, 16 available
 Memory: 7971M
 Large Page Support: Disabled
 NUMA Support: Disabled
 Compressed Oops: Enabled (32-bit)
 Heap Region Size: 1M
 Heap Min Capacity: 8M
 Heap Initial Capacity: 126M
 Heap Max Capacity: 2G
 Pre-touch: Disabled
 Parallel Workers: 13
 Concurrent Workers: 3
 Concurrent Refinement Workers: 13
 Periodic GC: Disabled
Heap:
 garbage-first heap   total 291840K, used 144893K [0x0000000080000000, 0x0000000100000000)
  region size 1024K, 3 young (3072K), 3 survivors (3072K)
 Metaspace       used 143593K, committed 144576K, reserved 1179648K
  class space    used 20990K, committed 21568K, reserved 1048576K
GC Heap History (20 events):
Event: 44.218 GC heap after
{Heap after GC invocations=42 (full 0):
 garbage-first heap   total 226304K, used 140402K [0x0000000080000000, 0x0000000100000000)
  region size 1024K, 5 young (5120K), 5 survivors (5120K)
 Metaspace       used 138980K, committed 140032K, reserved 1179648K
  class space    used 20540K, committed 21056K, reserved 1048576K
}
Event: 45.116 GC heap before
{Heap before GC invocations=42 (full 0):
 garbage-first heap   total 226304K, used 206962K [0x0000000080000000, 0x0000000100000000)
  region size 1024K, 50 young (51200K), 5 survivors (5120K)
 Metaspace       used 141357K, committed 142400K, reserved 1179648K
  class space    used 20889K, committed 21376K, reserved 1048576K
}
Event: 45.128 GC heap after
{Heap after GC invocations=43 (full 0):
 garbage-first heap   total 226304K, used 156624K [0x0000000080000000, 0x0000000100000000)
  region size 1024K, 2 young (2048K), 2 survivors (2048K)
 Metaspace       used 141357K, committed 142400K, reserved 1179648K
  class space    used 20889K, committed 21376K, reserved 1048576K
}
Event: 155.941 GC heap before
{Heap before GC invocations=43 (full 0):
 garbage-first heap   total 226304K, used 200656K [0x0000000080000000, 0x0000000100000000)
  region size 1024K, 36 young (36864K), 2 survivors (2048K)
 Metaspace       used 142447K, committed 143488K, reserved 1179648K
  class space    used 21034K, committed 21504K, reserved 1048576K
}
Event: 155.959 GC heap after
{Heap after GC invocations=44 (full 0):
 garbage-first heap   total 226304K, used 139835K [0x0000000080000000, 0x0000000100000000)
  region size 1024K, 4 young (4096K), 4 survivors (4096K)
 Metaspace       used 142447K, committed 143488K, reserved 1179648K
  class space    used 21034K, committed 21504K, reserved 1048576K
}
Event: 158.144 GC heap before
{Heap before GC invocations=44 (full 0):
 garbage-first heap   total 226304K, used 187963K [0x0000000080000000, 0x0000000100000000)
  region size 1024K, 52 young (53248K), 4 survivors (4096K)
 Metaspace       used 142915K, committed 144000K, reserved 1179648K
  class space    used 21050K, committed 21504K, reserved 1048576K
}
Event: 158.232 GC heap after
{Heap after GC invocations=45 (full 0):
 garbage-first heap   total 226304K, used 145319K [0x0000000080000000, 0x0000000100000000)
  region size 1024K, 7 young (7168K), 7 survivors (7168K)
 Metaspace       used 142915K, committed 144000K, reserved 1179648K
  class space    used 21050K, committed 21504K, reserved 1048576K
}
Event: 159.638 GC heap before
{Heap before GC invocations=45 (full 0):
 garbage-first heap   total 226304K, used 190375K [0x0000000080000000, 0x0000000100000000)
  region size 1024K, 50 young (51200K), 7 survivors (7168K)
 Metaspace       used 143022K, committed 144064K, reserved 1179648K
  class space    used 21051K, committed 21504K, reserved 1048576K
}
Event: 159.656 GC heap after
{Heap after GC invocations=46 (full 0):
 garbage-first heap   total 226304K, used 148839K [0x0000000080000000, 0x0000000100000000)
  region size 1024K, 2 young (2048K), 2 survivors (2048K)
 Metaspace       used 143022K, committed 144064K, reserved 1179648K
  class space    used 21051K, committed 21504K, reserved 1048576K
}
Event: 160.222 GC heap before
{Heap before GC invocations=46 (full 0):
 garbage-first heap   total 226304K, used 196967K [0x0000000080000000, 0x0000000100000000)
  region size 1024K, 27 young (27648K), 2 survivors (2048K)
 Metaspace       used 143355K, committed 144384K, reserved 1179648K
  class space    used 21056K, committed 21568K, reserved 1048576K
}
Event: 160.233 GC heap after
{Heap after GC invocations=47 (full 0):
 garbage-first heap   total 226304K, used 171287K [0x0000000080000000, 0x0000000100000000)
  region size 1024K, 2 young (2048K), 2 survivors (2048K)
 Metaspace       used 143355K, committed 144384K, reserved 1179648K
  class space    used 21056K, committed 21568K, reserved 1048576K
}
Event: 251.089 GC heap before
{Heap before GC invocations=48 (full 0):
 garbage-first heap   total 291840K, used 189719K [0x0000000080000000, 0x0000000100000000)
  region size 1024K, 20 young (20480K), 2 survivors (2048K)
 Metaspace       used 143136K, committed 144512K, reserved 1179648K
  class space    used 20970K, committed 21568K, reserved 1048576K
}
Event: 251.179 GC heap after
{Heap after GC invocations=49 (full 0):
 garbage-first heap   total 291840K, used 144739K [0x0000000080000000, 0x0000000100000000)
  region size 1024K, 2 young (2048K), 2 survivors (2048K)
 Metaspace       used 143136K, committed 144512K, reserved 1179648K
  class space    used 20970K, committed 21568K, reserved 1048576K
}
Event: 251.858 GC heap before
{Heap before GC invocations=49 (full 0):
 garbage-first heap   total 291840K, used 156003K [0x0000000080000000, 0x0000000100000000)
  region size 1024K, 14 young (14336K), 2 survivors (2048K)
 Metaspace       used 143157K, committed 144512K, reserved 1179648K
  class space    used 20970K, committed 21568K, reserved 1048576K
}
Event: 252.008 GC heap after
{Heap after GC invocations=50 (full 0):
 garbage-first heap   total 291840K, used 119223K [0x0000000080000000, 0x0000000100000000)
  region size 1024K, 2 young (2048K), 2 survivors (2048K)
 Metaspace       used 143157K, committed 144512K, reserved 1179648K
  class space    used 20970K, committed 21568K, reserved 1048576K
}
Event: 252.333 GC heap before
{Heap before GC invocations=50 (full 0):
 garbage-first heap   total 291840K, used 131511K [0x0000000080000000, 0x0000000100000000)
  region size 1024K, 14 young (14336K), 2 survivors (2048K)
 Metaspace       used 143227K, committed 144512K, reserved 1179648K
  class space    used 20970K, committed 21568K, reserved 1048576K
}
Event: 252.378 GC heap after
{Heap after GC invocations=51 (full 0):
 garbage-first heap   total 291840K, used 119036K [0x0000000080000000, 0x0000000100000000)
  region size 1024K, 2 young (2048K), 2 survivors (2048K)
 Metaspace       used 143227K, committed 144512K, reserved 1179648K
  class space    used 20970K, committed 21568K, reserved 1048576K
}
Event: 253.602 GC heap before
{Heap before GC invocations=51 (full 0):
 garbage-first heap   total 291840K, used 188668K [0x0000000080000000, 0x0000000100000000)
  region size 1024K, 61 young (62464K), 2 survivors (2048K)
 Metaspace       used 143360K, committed 144576K, reserved 1179648K
  class space    used 20976K, committed 21568K, reserved 1048576K
}
Event: 253.637 GC heap after
{Heap after GC invocations=52 (full 0):
 garbage-first heap   total 291840K, used 147860K [0x0000000080000000, 0x0000000100000000)
  region size 1024K, 15 young (15360K), 15 survivors (15360K)
 Metaspace       used 143360K, committed 144576K, reserved 1179648K
  class space    used 20976K, committed 21568K, reserved 1048576K
}
Event: 256.846 GC heap before
{Heap before GC invocations=53 (full 0):
 garbage-first heap   total 291840K, used 253332K [0x0000000080000000, 0x0000000100000000)
  region size 1024K, 86 young (88064K), 15 survivors (15360K)
 Metaspace       used 143593K, committed 144576K, reserved 1179648K
  class space    used 20990K, committed 21568K, reserved 1048576K
}

